<?xml version="1.0" encoding="UTF-8"?>
<testsuite xmlns:xsi="http://www.w3.org/2001/XMLSchema-instance" xsi:noNamespaceSchemaLocation="https://maven.apache.org/surefire/maven-surefire-plugin/xsd/surefire-test-report.xsd" name="hu.unideb.inf.TableTest" time="0" tests="4" errors="0" skipped="0" failures="0">
  <properties>
[...]
</properties>
  <testcase name="testToString" classname="hu.unideb.inf.TableTest" time="0"/>
  <testcase name="testSetTableNumber" classname="hu.unideb.inf.TableTest" time="0"/>
  <testcase name="testToString2" classname="hu.unideb.inf.TableTest" time="0"/>
  <testcase name="testSetFoods" classname="hu.unideb.inf.TableTest" time="0"/>
</testsuite>