<?xml version="1.0" encoding="UTF-8"?>
<testsuite xmlns:xsi="http://www.w3.org/2001/XMLSchema-instance" xsi:noNamespaceSchemaLocation="https://maven.apache.org/surefire/maven-surefire-plugin/xsd/surefire-test-report.xsd" name="hu.unideb.inf.FoodTest" time="1.458" tests="4" errors="0" skipped="0" failures="0">
  <properties>
[...]
</properties>
  <testcase name="testToString" classname="hu.unideb.inf.FoodTest" time="1.327"/>
  <testcase name="testSetQuantity" classname="hu.unideb.inf.FoodTest" time="0.009"/>
  <testcase name="testSetName" classname="hu.unideb.inf.FoodTest" time="0.009"/>
  <testcase name="testSetPrice" classname="hu.unideb.inf.FoodTest" time="0.005"/>
</testsuite>